total_time,evaluate_children_time,node_select_time,rule_evaluation_time,lower_bound_time,lower_bound_num,objective_time,objective_num,tree_insertion_time,tree_insertion_num,queue_insertion_time,evaluate_children_num,permutation_map_insertion_time,permutation_map_insertion_num,permutation_map_memory,current_lower_bound,tree_min_objective,tree_prefix_length,tree_num_nodes,tree_num_evaluated,tree_memory,queue_size,queue_min_length,queue_memory,pmap_size,pmap_null_num,pmap_discard_num,log_remaining_space_size,prefix_lengths
9.53674e-07,0,0,0,0,0,0,0,0,0,0,0,0,0,0,0,1,0,0,0,0,0,0,0,0,0,0,1,
4.50611e-05,0,0,0,0,0,0,0,0,1,0,0,0,0,0,0,0.423358,0,1,0,8,1,0,8,0,0,0,1,0:1;
7.60555e-05,0,0,0,1.19209e-06,1,0,1,0,1,0,0,0,0,0,0.01,0.367664,1,1,0,10,1,0,8,0,0,0,1,0:1;
0.000108957,0,0,0,4.05312e-06,7,1.90735e-06,7,9.53674e-07,7,1.19209e-06,0,0,0,0,0.01,0.30927,1,7,0,970,6,0,64,0,0,0,1,0:1;1:6;
0.000164032,0,0,0,6.91414e-06,40,4.76837e-06,37,5.48363e-06,37,4.05312e-06,0,9.29832e-06,0,0,0.01,0.301971,1,37,0,5770,36,0,512,0,0,0,1,0:1;1:36;
0.00124598,0,0,0,0.000280142,1497,0.000159979,1064,0.000164032,1064,0.000148773,0,0.000137091,0,0,0.01,0.287372,1,1064,0,170090,1063,0,16384,0,0,0,1,0:1;1:1063;
0.00131893,0,0,0,0.000287056,1552,0.000170946,1116,0.000172853,1116,0.00015378,0,0.000141382,0,0,0.01,0.280073,1,1116,0,178410,1115,0,16384,0,0,0,1,0:1;1:1115;
0.00139499,0,0,0,0.000292063,1615,0.000179768,1179,0.000179768,1179,0.000161648,0,0.000153542,0,0,0.01,0.265474,1,1179,0,188490,1178,0,16384,0,0,0,1,0:1;1:1178;
0.00173903,0,0,0,0.000343084,2025,0.000224352,1583,0.000231266,1582,0.000205994,0,0.000210047,0,0,0.01,0.250876,1,1582,0,252970,1581,0,16384,0,0,0,1,0:1;1:1581;
0.00479293,0,0,0,0.000901461,5989,0.00066185,5108,0.000897169,5100,0.000590801,0,0.000651121,0,0,0.01,0.243577,1,5100,0,815850,5099,0,65536,0,0,0,1,0:1;1:5099;
0.0250001,0.0249269,0,0.024924,0.00396466,25977,0.003371,24819,0.00561619,24791,0.00401783,1,0.00351334,0,0,0.01,0.243577,1,24791,1,3966410,24790,1,262144,0,0,0,1,1:24790;
0.027087,0.0249269,0,0.024924,0.00396466,25977,0.003371,24819,0.00561619,24791,0.00401783,1,0.00351334,0,0,0.01,0.243577,1,24791,1,3965162,24790,1,262144,0,0,0,1,1:24764;
0.098793,0.0921669,2.09808e-05,0.0921569,0.0149453,106627,0.0132208,100515,0.0219626,99951,0.0130925,4,0.0157247,0,0,0.0345985,0.238978,2,99951,4,15990768,99946,1,1048576,0,0,0,1,1:24761;2:75160;
0.115546,0.113261,2.09808e-05,0.113249,0.0172906,125701,0.0154817,119096,0.0262129,118511,0.0149868,5,0.0184467,0,0,0.0345985,0.238978,2,118511,5,18960366,118506,1,1048576,0,0,0,1,1:24760;2:93720;
0.123418,0.113261,2.09808e-05,0.113249,0.0172906,125701,0.0154817,119096,0.0262129,118511,0.0149868,5,0.0184467,0,0,0.0345985,0.238978,2,118511,5,18935790,118506,1,1048576,0,0,0,1,1:24516;2:93452;
0.16566,0.153244,4.81606e-05,0.153224,0.0243368,164598,0.021235,153908,0.0348542,153253,0.0205023,7,0.0251067,0,0,0.0418978,0.22438,2,153253,7,24494512,153245,1,2097152,0,0,0,1,1:24514;2:128194;
0.169436,0.153244,4.81606e-05,0.153224,0.0249777,168408,0.0217586,157224,0.0355823,156561,0.0209529,7,0.0257847,0,0,0.0418978,0.22438,2,156561,7,25023792,156553,1,2097152,0,0,0,1,1:24514;2:131502;
0.169629,0.153244,4.81606e-05,0.153224,0.0249817,168424,0.0217636,157238,0.0355964,156575,0.0209558,7,0.0257897,0,0,0.0418978,0.21708,2,156575,7,25026032,156567,1,2097152,0,0,0,1,1:24514;2:131516;
0.16978,0.153244,4.81606e-05,0.153224,0.0249937,168473,0.0217736,157287,0.0356135,156623,0.0209625,7,0.0258038,0,0,0.0418978,0.202482,2,156623,7,25033712,156615,1,2097152,0,0,0,1,1:24514;2:131564;
0.189655,0.179422,4.81606e-05,0.1794,0.0280981,187948,0.0244384,176025,0.0404115,175333,0.0233266,8,0.029315,0,0,0.0418978,0.202482,2,175333,8,28027310,175325,1,2097152,0,0,0,1,1:24513;2:150274;
0.203485,0.179422,4.81606e-05,0.1794,0.0280981,187948,0.0244384,176025,0.0404115,175333,0.0233266,8,0.029315,0,0,0.0418978,0.202482,2,175333,8,27693710,175325,1,2097152,0,0,0,1,1:23823;2:144014;
0.39742,0.36447,0.000108957,0.364415,0.0593741,432112,0.0504434,382444,0.0837758,377150,0.0472839,18,0.060456,0,0,0.0783942,0.187883,2,377148,18,59984208,377129,1,4194304,0,0,0,1,1:23813;2:345831;
0.403247,0.379066,0.000108957,0.379009,0.0604653,441266,0.051259,389018,0.0849755,382161,0.047883,19,0.061219,0,0,0.0783942,0.187883,2,382159,19,60785966,382140,1,4194304,0,0,0,1,1:23812;2:350842;
0.435034,0.379066,0.000108957,0.379009,0.0604653,441266,0.051259,389018,0.0849755,382161,0.047883,19,0.061219,0,0,0.0783942,0.187883,2,382159,19,59655710,382140,1,4194304,0,0,0,1,1:23367;2:327740;
1.10951,1.05321,0.000341892,1.05309,0.18112,1273046,0.140239,1044302,0.228306,1006619,0.134981,55,0.16868,0,0,0.0491971,0.187883,2,1006616,55,159568876,1006561,1,8388608,0,0,0,1,1:23331;2:952198;
3.60559,1.05321,0.000341892,1.05309,0.18112,1273046,0.140239,1044302,0.228306,1006619,0.134981,55,0.16868,0,0,0.0491971,0.187883,2,975584,55,156093292,1006561,1,8388608,0,0,0,1,1:23331;2:952198;
3.60711,1.05321,0.000341892,1.05309,0.18112,1273046,0.140239,1044302,0.228306,1006619,0.134981,55,0.16868,0,0,0.0491971,0.187883,2,975584,55,156093296,1006561,1,8388608,0,0,0,1,1:23331;2:952198;
